<?xml version="1.0" encoding="UTF-8"?>
<!-- Generated by org.testng.reporters.JUnitXMLReporter -->
<testsuite hostname="WINDOWS-5FHOE7R" name="Shoe Shop Test" tests="1" failures="1" timestamp="15 May 2016 09:48:31 GMT" time="24.514" errors="0">
  <testcase name="run_cukes" time="24.492" classname="com.cucumber.selenium.testng.CucumberRunner">
    <failure type="cucumber.runtime.CucumberException" message="java.lang.AssertionError: Image src is null.No Image to display. expected [true] but found [false]">
      <![CDATA[cucumber.runtime.CucumberException: java.lang.AssertionError: Image src is null.No Image to display. expected [true] but found [false]
	at cucumber.api.testng.AbstractTestNGCucumberTests.run_cukes(AbstractTestNGCucumberTests.java:41)
	at cucumber.api.testng.AbstractTestNGCucumberTests.run(AbstractTestNGCucumberTests.java:47)
Caused by: java.lang.AssertionError: Image src is null.No Image to display. expected [true] but found [false]
	at com.cucumber.selenium.testng.MonthlyShoeDisplays_StepDefinitions.verifyShoeData(MonthlyShoeDisplays_StepDefinitions.java:94)
	at âœ½.Then corresponding shoe data should be displayed(com/cucumber/selenium/testng/monthlyshoedisplays.feature:13)
... Removed 33 stack frames]]>
    </failure>
  </testcase> <!-- run_cukes -->
</testsuite> <!-- Shoe Shop Test -->
