<html>
<head>
<title>TestNG:  Shoe Shop Test</title>
<link href="../testng.css" rel="stylesheet" type="text/css" />
<link href="../my-testng.css" rel="stylesheet" type="text/css" />

<style type="text/css">
.log { display: none;} 
.stack-trace { display: none;} 
</style>
<script type="text/javascript">
<!--
function flip(e) {
  current = e.style.display;
  if (current == 'block') {
    e.style.display = 'none';
    return 0;
  }
  else {
    e.style.display = 'block';
    return 1;
  }
}

function toggleBox(szDivId, elem, msg1, msg2)
{
  var res = -1;  if (document.getElementById) {
    res = flip(document.getElementById(szDivId));
  }
  else if (document.all) {
    // this is the way old msie versions work
    res = flip(document.all[szDivId]);
  }
  if(elem) {
    if(res == 0) elem.innerHTML = msg1; else elem.innerHTML = msg2;
  }

}

function toggleAllBoxes() {
  if (document.getElementsByTagName) {
    d = document.getElementsByTagName('div');
    for (i = 0; i < d.length; i++) {
      if (d[i].className == 'log') {
        flip(d[i]);
      }
    }
  }
}

// -->
</script>

</head>
<body>
<h2 align='center'>Shoe Shop Test</h2><table border='1' align="center">
<tr>
<td>Tests passed/Failed/Skipped:</td><td>0/1/0</td>
</tr><tr>
<td>Started on:</td><td>Sun May 15 05:48:06 EDT 2016</td>
</tr>
<tr><td>Total time:</td><td>24 seconds (24514 ms)</td>
</tr><tr>
<td>Included groups:</td><td></td>
</tr><tr>
<td>Excluded groups:</td><td></td>
</tr>
</table><p/>
<small><i>(Hover the method name to see the test class name)</i></small><p/>
<table width='100%' border='1' class='invocation-failed'>
<tr><td colspan='4' align='center'><b>FAILED TESTS</b></td></tr>
<tr><td><b>Test method</b></td>
<td width="30%"><b>Exception</b></td>
<td width="10%"><b>Time (seconds)</b></td>
<td><b>Instance</b></td>
</tr>
<tr>
<td title='com.cucumber.selenium.testng.CucumberRunner.run_cukes()'><b>run_cukes</b><br>Test class: com.cucumber.selenium.testng.CucumberRunner<br>Test method: Runs Cucumber Features<br/>
<a href="#Output-1406014249" onClick='toggleBox("Output-1406014249", this, "Show output", "Hide output");'>Show output</a>

<a href="#Output-1406014249" onClick="toggleAllBoxes();">Show all outputs</a>
<div class='log' id="Output-1406014249">
<div "featureFile">Feature File: com&#x2F;cucumber&#x2F;selenium&#x2F;testng&#x2F;emailsubscription.feature</div><br/>
<div "feature">Feature: Email Subscription</div><br/>
<div "scenarioOutline">Scenario Outline: Email Subscription</div><br/>
<div "scenario">Scenario Outline: Email Subscription</div><br/>
<div "result">Given  user navigates to &quot;testSiteURL&quot; on &quot;browserType&quot; (passed : 16s)</div><br/>
<div "result">When  user enters valid &quot;&lt;Email&gt;&quot; and click the submit button (passed : 0s)</div><br/>
<div "result">Then  appropriate email subscription successful message should be displayed (passed : 0s)</div><br/>
<div "scenario">Scenario Outline: Email Subscription</div><br/>
<div "result">Given  user navigates to &quot;testSiteURL&quot; on &quot;browserType&quot; (passed : 0s)</div><br/>
<div "result">When  user enters valid &quot;bsandhya525@rediffmail.com&quot; and click the submit button (passed : 0s)</div><br/>
<div "result">Then  appropriate email subscription successful message should be displayed (passed : 0s)</div><br/>
<div "featureFile">Feature File: com&#x2F;cucumber&#x2F;selenium&#x2F;testng&#x2F;monthlyshoedisplays.feature</div><br/>
<div "feature">Feature: Monthly Shoe Displays</div><br/>
<div "scenarioOutline">Scenario Outline: Monthly Shoe Displays</div><br/>
<div "scenario">Scenario Outline: Monthly Shoe Displays</div><br/>
<div "result">Given  user navigates to &quot;testSiteURL&quot; on &quot;browserType&quot; (passed : 0s)</div><br/>
<div "result">When  user enters valid &quot;bsandhya525@gmail.com&quot; and click the submit button (passed : 0s)</div><br/>
<div "result">Then  appropriate email subscription successful message should be displayed (passed : 1s)</div><br/>
<div "scenario">Scenario Outline: Monthly Shoe Displays</div><br/>
<div "result">Given  user navigates to &quot;testSiteURL&quot; on &quot;browserType&quot; (passed : 0s)</div><br/>
<div "result">When  user clicks on the month name &quot;&lt;MonthName&gt;&quot; (passed : 0s)</div><br/>
<div "result">Then  corresponding shoe data should be displayed (passed : 0s)</div><br/>
<div "scenario">Scenario Outline: Monthly Shoe Displays</div><br/>
<div "result">Given  user navigates to &quot;testSiteURL&quot; on &quot;browserType&quot; (passed : 0s)</div><br/>
<div "result">When  user clicks on the month name &quot;January&quot; (passed : 0s)</div><br/>
<div "result">Then  corresponding shoe data should be displayed (failed : 0s)</div><br/>
</div>
</td>
<td><div><pre>cucumber.runtime.CucumberException: java.lang.AssertionError: Image src is null.No Image to display. expected [true] but found [false]
	at cucumber.api.testng.AbstractTestNGCucumberTests.run_cukes(AbstractTestNGCucumberTests.java:41)
	at cucumber.api.testng.AbstractTestNGCucumberTests.run(AbstractTestNGCucumberTests.java:47)
Caused by: java.lang.AssertionError: Image src is null.No Image to display. expected [true] but found [false]
	at com.cucumber.selenium.testng.MonthlyShoeDisplays_StepDefinitions.verifyShoeData(MonthlyShoeDisplays_StepDefinitions.java:94)
	at ?.Then corresponding shoe data should be displayed(com/cucumber/selenium/testng/monthlyshoedisplays.feature:13)
... Removed 33 stack frames</pre></div><a href='#' onClick='toggleBox("stack-trace1406014249", this, "Click to show all stack frames", "Click to hide stack frames")'>Click to show all stack frames</a>
<div class='stack-trace' id='stack-trace1406014249'><pre>cucumber.runtime.CucumberException: java.lang.AssertionError: Image src is null.No Image to display. expected [true] but found [false]
	at cucumber.api.testng.AbstractTestNGCucumberTests.run_cukes(AbstractTestNGCucumberTests.java:41)
	at sun.reflect.NativeMethodAccessorImpl.invoke0(Native Method)
	at sun.reflect.NativeMethodAccessorImpl.invoke(Unknown Source)
	at sun.reflect.DelegatingMethodAccessorImpl.invoke(Unknown Source)
	at java.lang.reflect.Method.invoke(Unknown Source)
	at org.testng.internal.MethodInvocationHelper.invokeMethod(MethodInvocationHelper.java:80)
	at org.testng.internal.MethodInvocationHelper$1.runTestMethod(MethodInvocationHelper.java:182)
	at cucumber.api.testng.AbstractTestNGCucumberTests.run(AbstractTestNGCucumberTests.java:47)
	at sun.reflect.NativeMethodAccessorImpl.invoke0(Native Method)
	at sun.reflect.NativeMethodAccessorImpl.invoke(Unknown Source)
	at sun.reflect.DelegatingMethodAccessorImpl.invoke(Unknown Source)
	at java.lang.reflect.Method.invoke(Unknown Source)
	at org.testng.internal.MethodInvocationHelper.invokeHookable(MethodInvocationHelper.java:194)
	at org.testng.internal.Invoker.invokeMethod(Invoker.java:707)
	at org.testng.internal.Invoker.invokeTestMethod(Invoker.java:901)
	at org.testng.internal.Invoker.invokeTestMethods(Invoker.java:1231)
	at org.testng.internal.TestMethodWorker.invokeTestMethods(TestMethodWorker.java:127)
	at org.testng.internal.TestMethodWorker.run(TestMethodWorker.java:111)
	at org.testng.TestRunner.privateRun(TestRunner.java:767)
	at org.testng.TestRunner.run(TestRunner.java:617)
	at org.testng.SuiteRunner.runTest(SuiteRunner.java:334)
	at org.testng.SuiteRunner.runSequentially(SuiteRunner.java:329)
	at org.testng.SuiteRunner.privateRun(SuiteRunner.java:291)
	at org.testng.SuiteRunner.run(SuiteRunner.java:240)
	at org.testng.SuiteRunnerWorker.runSuite(SuiteRunnerWorker.java:52)
	at org.testng.SuiteRunnerWorker.run(SuiteRunnerWorker.java:86)
	at org.testng.TestNG.runSuitesSequentially(TestNG.java:1198)
	at org.testng.TestNG.runSuitesLocally(TestNG.java:1123)
	at org.testng.TestNG.run(TestNG.java:1031)
	at org.testng.remote.AbstractRemoteTestNG.run(AbstractRemoteTestNG.java:126)
	at org.testng.remote.RemoteTestNG.initAndRun(RemoteTestNG.java:137)
	at org.testng.remote.RemoteTestNG.main(RemoteTestNG.java:58)
Caused by: java.lang.AssertionError: Image src is null.No Image to display. expected [true] but found [false]
	at org.testng.Assert.fail(Assert.java:94)
	at org.testng.Assert.failNotEquals(Assert.java:494)
	at org.testng.Assert.assertTrue(Assert.java:42)
	at com.cucumber.selenium.testng.MonthlyShoeDisplays_StepDefinitions.verifyShoeData(MonthlyShoeDisplays_StepDefinitions.java:94)
	at ?.Then corresponding shoe data should be displayed(com/cucumber/selenium/testng/monthlyshoedisplays.feature:13)
</pre></div></td>
<td>24</td>
<td>com.cucumber.selenium.testng.CucumberRunner@747edf66</td></tr>
</table><p>
</body>
</html>