<?xml version="1.0" encoding="UTF-8"?>
<testng-results skipped="0" failed="1" total="1" passed="0">
  <reporter-output>
    <line>
      <![CDATA[<div "featureFile">Feature File: com&#x2F;cucumber&#x2F;selenium&#x2F;testng&#x2F;emailsubscription.feature</div>]]>
    </line>
    <line>
      <![CDATA[<div "feature">Feature: Email Subscription</div>]]>
    </line>
    <line>
      <![CDATA[<div "scenarioOutline">Scenario Outline: Email Subscription</div>]]>
    </line>
    <line>
      <![CDATA[<div "scenario">Scenario Outline: Email Subscription</div>]]>
    </line>
    <line>
      <![CDATA[<div "result">Given  user navigates to &quot;testSiteURL&quot; on &quot;browserType&quot; (passed : 16s)</div>]]>
    </line>
    <line>
      <![CDATA[<div "result">When  user enters valid &quot;&lt;Email&gt;&quot; and click the submit button (passed : 0s)</div>]]>
    </line>
    <line>
      <![CDATA[<div "result">Then  appropriate email subscription successful message should be displayed (passed : 0s)</div>]]>
    </line>
    <line>
      <![CDATA[<div "scenario">Scenario Outline: Email Subscription</div>]]>
    </line>
    <line>
      <![CDATA[<div "result">Given  user navigates to &quot;testSiteURL&quot; on &quot;browserType&quot; (passed : 0s)</div>]]>
    </line>
    <line>
      <![CDATA[<div "result">When  user enters valid &quot;bsandhya525@rediffmail.com&quot; and click the submit button (passed : 0s)</div>]]>
    </line>
    <line>
      <![CDATA[<div "result">Then  appropriate email subscription successful message should be displayed (passed : 0s)</div>]]>
    </line>
    <line>
      <![CDATA[<div "featureFile">Feature File: com&#x2F;cucumber&#x2F;selenium&#x2F;testng&#x2F;monthlyshoedisplays.feature</div>]]>
    </line>
    <line>
      <![CDATA[<div "feature">Feature: Monthly Shoe Displays</div>]]>
    </line>
    <line>
      <![CDATA[<div "scenarioOutline">Scenario Outline: Monthly Shoe Displays</div>]]>
    </line>
    <line>
      <![CDATA[<div "scenario">Scenario Outline: Monthly Shoe Displays</div>]]>
    </line>
    <line>
      <![CDATA[<div "result">Given  user navigates to &quot;testSiteURL&quot; on &quot;browserType&quot; (passed : 0s)</div>]]>
    </line>
    <line>
      <![CDATA[<div "result">When  user enters valid &quot;bsandhya525@gmail.com&quot; and click the submit button (passed : 0s)</div>]]>
    </line>
    <line>
      <![CDATA[<div "result">Then  appropriate email subscription successful message should be displayed (passed : 1s)</div>]]>
    </line>
    <line>
      <![CDATA[<div "scenario">Scenario Outline: Monthly Shoe Displays</div>]]>
    </line>
    <line>
      <![CDATA[<div "result">Given  user navigates to &quot;testSiteURL&quot; on &quot;browserType&quot; (passed : 0s)</div>]]>
    </line>
    <line>
      <![CDATA[<div "result">When  user clicks on the month name &quot;&lt;MonthName&gt;&quot; (passed : 0s)</div>]]>
    </line>
    <line>
      <![CDATA[<div "result">Then  corresponding shoe data should be displayed (passed : 0s)</div>]]>
    </line>
    <line>
      <![CDATA[<div "scenario">Scenario Outline: Monthly Shoe Displays</div>]]>
    </line>
    <line>
      <![CDATA[<div "result">Given  user navigates to &quot;testSiteURL&quot; on &quot;browserType&quot; (passed : 0s)</div>]]>
    </line>
    <line>
      <![CDATA[<div "result">When  user clicks on the month name &quot;January&quot; (passed : 0s)</div>]]>
    </line>
    <line>
      <![CDATA[<div "result">Then  corresponding shoe data should be displayed (failed : 0s)</div>]]>
    </line>
  </reporter-output>
  <suite name="Shoe Shop Suite" duration-ms="24514" started-at="2016-05-15T09:48:06Z" finished-at="2016-05-15T09:48:31Z">
    <groups>
      <group name="cucumber">
        <method signature="AbstractTestNGCucumberTests.run_cukes()[pri:0, instance:com.cucumber.selenium.testng.CucumberRunner@747edf66]" name="run_cukes" class="cucumber.api.testng.AbstractTestNGCucumberTests"/>
      </group> <!-- cucumber -->
    </groups>
    <test name="Shoe Shop Test" duration-ms="24514" started-at="2016-05-15T09:48:06Z" finished-at="2016-05-15T09:48:31Z">
      <class name="com.cucumber.selenium.testng.CucumberRunner">
        <test-method status="FAIL" signature="run_cukes()[pri:0, instance:com.cucumber.selenium.testng.CucumberRunner@747edf66]" name="run_cukes" duration-ms="24492" started-at="2016-05-15T05:48:06Z" description="Runs Cucumber Features" finished-at="2016-05-15T05:48:31Z">
          <exception class="cucumber.runtime.CucumberException">
            <message>
              <![CDATA[java.lang.AssertionError: Image src is null.No Image to display. expected [true] but found [false]]]>
            </message>
            <full-stacktrace>
              <![CDATA[cucumber.runtime.CucumberException: java.lang.AssertionError: Image src is null.No Image to display. expected [true] but found [false]
	at cucumber.api.testng.AbstractTestNGCucumberTests.run_cukes(AbstractTestNGCucumberTests.java:41)
	at sun.reflect.NativeMethodAccessorImpl.invoke0(Native Method)
	at sun.reflect.NativeMethodAccessorImpl.invoke(Unknown Source)
	at sun.reflect.DelegatingMethodAccessorImpl.invoke(Unknown Source)
	at java.lang.reflect.Method.invoke(Unknown Source)
	at org.testng.internal.MethodInvocationHelper.invokeMethod(MethodInvocationHelper.java:80)
	at org.testng.internal.MethodInvocationHelper$1.runTestMethod(MethodInvocationHelper.java:182)
	at cucumber.api.testng.AbstractTestNGCucumberTests.run(AbstractTestNGCucumberTests.java:47)
	at sun.reflect.NativeMethodAccessorImpl.invoke0(Native Method)
	at sun.reflect.NativeMethodAccessorImpl.invoke(Unknown Source)
	at sun.reflect.DelegatingMethodAccessorImpl.invoke(Unknown Source)
	at java.lang.reflect.Method.invoke(Unknown Source)
	at org.testng.internal.MethodInvocationHelper.invokeHookable(MethodInvocationHelper.java:194)
	at org.testng.internal.Invoker.invokeMethod(Invoker.java:707)
	at org.testng.internal.Invoker.invokeTestMethod(Invoker.java:901)
	at org.testng.internal.Invoker.invokeTestMethods(Invoker.java:1231)
	at org.testng.internal.TestMethodWorker.invokeTestMethods(TestMethodWorker.java:127)
	at org.testng.internal.TestMethodWorker.run(TestMethodWorker.java:111)
	at org.testng.TestRunner.privateRun(TestRunner.java:767)
	at org.testng.TestRunner.run(TestRunner.java:617)
	at org.testng.SuiteRunner.runTest(SuiteRunner.java:334)
	at org.testng.SuiteRunner.runSequentially(SuiteRunner.java:329)
	at org.testng.SuiteRunner.privateRun(SuiteRunner.java:291)
	at org.testng.SuiteRunner.run(SuiteRunner.java:240)
	at org.testng.SuiteRunnerWorker.runSuite(SuiteRunnerWorker.java:52)
	at org.testng.SuiteRunnerWorker.run(SuiteRunnerWorker.java:86)
	at org.testng.TestNG.runSuitesSequentially(TestNG.java:1198)
	at org.testng.TestNG.runSuitesLocally(TestNG.java:1123)
	at org.testng.TestNG.run(TestNG.java:1031)
	at org.testng.remote.AbstractRemoteTestNG.run(AbstractRemoteTestNG.java:126)
	at org.testng.remote.RemoteTestNG.initAndRun(RemoteTestNG.java:137)
	at org.testng.remote.RemoteTestNG.main(RemoteTestNG.java:58)
Caused by: java.lang.AssertionError: Image src is null.No Image to display. expected [true] but found [false]
	at org.testng.Assert.fail(Assert.java:94)
	at org.testng.Assert.failNotEquals(Assert.java:494)
	at org.testng.Assert.assertTrue(Assert.java:42)
	at com.cucumber.selenium.testng.MonthlyShoeDisplays_StepDefinitions.verifyShoeData(MonthlyShoeDisplays_StepDefinitions.java:94)
	at âœ½.Then corresponding shoe data should be displayed(com/cucumber/selenium/testng/monthlyshoedisplays.feature:13)
]]>
            </full-stacktrace>
          </exception> <!-- cucumber.runtime.CucumberException -->
          <reporter-output>
            <line>
              <![CDATA[<div "featureFile">Feature File: com&#x2F;cucumber&#x2F;selenium&#x2F;testng&#x2F;emailsubscription.feature</div>]]>
            </line>
            <line>
              <![CDATA[<div "feature">Feature: Email Subscription</div>]]>
            </line>
            <line>
              <![CDATA[<div "scenarioOutline">Scenario Outline: Email Subscription</div>]]>
            </line>
            <line>
              <![CDATA[<div "scenario">Scenario Outline: Email Subscription</div>]]>
            </line>
            <line>
              <![CDATA[<div "result">Given  user navigates to &quot;testSiteURL&quot; on &quot;browserType&quot; (passed : 16s)</div>]]>
            </line>
            <line>
              <![CDATA[<div "result">When  user enters valid &quot;&lt;Email&gt;&quot; and click the submit button (passed : 0s)</div>]]>
            </line>
            <line>
              <![CDATA[<div "result">Then  appropriate email subscription successful message should be displayed (passed : 0s)</div>]]>
            </line>
            <line>
              <![CDATA[<div "scenario">Scenario Outline: Email Subscription</div>]]>
            </line>
            <line>
              <![CDATA[<div "result">Given  user navigates to &quot;testSiteURL&quot; on &quot;browserType&quot; (passed : 0s)</div>]]>
            </line>
            <line>
              <![CDATA[<div "result">When  user enters valid &quot;bsandhya525@rediffmail.com&quot; and click the submit button (passed : 0s)</div>]]>
            </line>
            <line>
              <![CDATA[<div "result">Then  appropriate email subscription successful message should be displayed (passed : 0s)</div>]]>
            </line>
            <line>
              <![CDATA[<div "featureFile">Feature File: com&#x2F;cucumber&#x2F;selenium&#x2F;testng&#x2F;monthlyshoedisplays.feature</div>]]>
            </line>
            <line>
              <![CDATA[<div "feature">Feature: Monthly Shoe Displays</div>]]>
            </line>
            <line>
              <![CDATA[<div "scenarioOutline">Scenario Outline: Monthly Shoe Displays</div>]]>
            </line>
            <line>
              <![CDATA[<div "scenario">Scenario Outline: Monthly Shoe Displays</div>]]>
            </line>
            <line>
              <![CDATA[<div "result">Given  user navigates to &quot;testSiteURL&quot; on &quot;browserType&quot; (passed : 0s)</div>]]>
            </line>
            <line>
              <![CDATA[<div "result">When  user enters valid &quot;bsandhya525@gmail.com&quot; and click the submit button (passed : 0s)</div>]]>
            </line>
            <line>
              <![CDATA[<div "result">Then  appropriate email subscription successful message should be displayed (passed : 1s)</div>]]>
            </line>
            <line>
              <![CDATA[<div "scenario">Scenario Outline: Monthly Shoe Displays</div>]]>
            </line>
            <line>
              <![CDATA[<div "result">Given  user navigates to &quot;testSiteURL&quot; on &quot;browserType&quot; (passed : 0s)</div>]]>
            </line>
            <line>
              <![CDATA[<div "result">When  user clicks on the month name &quot;&lt;MonthName&gt;&quot; (passed : 0s)</div>]]>
            </line>
            <line>
              <![CDATA[<div "result">Then  corresponding shoe data should be displayed (passed : 0s)</div>]]>
            </line>
            <line>
              <![CDATA[<div "scenario">Scenario Outline: Monthly Shoe Displays</div>]]>
            </line>
            <line>
              <![CDATA[<div "result">Given  user navigates to &quot;testSiteURL&quot; on &quot;browserType&quot; (passed : 0s)</div>]]>
            </line>
            <line>
              <![CDATA[<div "result">When  user clicks on the month name &quot;January&quot; (passed : 0s)</div>]]>
            </line>
            <line>
              <![CDATA[<div "result">Then  corresponding shoe data should be displayed (failed : 0s)</div>]]>
            </line>
          </reporter-output>
        </test-method> <!-- run_cukes -->
      </class> <!-- com.cucumber.selenium.testng.CucumberRunner -->
    </test> <!-- Shoe Shop Test -->
  </suite> <!-- Shoe Shop Suite -->
</testng-results>
